

Started GET "/" for 127.0.0.1 at 2016-11-10 17:28:18 +0200

ActiveRecord::PendingMigrationError (

Migrations are pending. To resolve this issue, run:

	bin/rake db:migrate RAILS_ENV=development

):
  activerecord (4.2.5) lib/active_record/migration.rb:392:in `check_pending!'
  activerecord (4.2.5) lib/active_record/migration.rb:373:in `call'
  actionpack (4.2.5) lib/action_dispatch/middleware/callbacks.rb:29:in `block in call'
  activesupport (4.2.5) lib/active_support/callbacks.rb:88:in `__run_callbacks__'
  activesupport (4.2.5) lib/active_support/callbacks.rb:778:in `_run_call_callbacks'
  activesupport (4.2.5) lib/active_support/callbacks.rb:81:in `run_callbacks'
  actionpack (4.2.5) lib/action_dispatch/middleware/callbacks.rb:27:in `call'
  actionpack (4.2.5) lib/action_dispatch/middleware/reloader.rb:73:in `call'
  actionpack (4.2.5) lib/action_dispatch/middleware/remote_ip.rb:78:in `call'
  actionpack (4.2.5) lib/action_dispatch/middleware/debug_exceptions.rb:17:in `call'
  web-console (2.3.0) lib/web_console/middleware.rb:28:in `block in call'
  web-console (2.3.0) lib/web_console/middleware.rb:18:in `catch'
  web-console (2.3.0) lib/web_console/middleware.rb:18:in `call'
  actionpack (4.2.5) lib/action_dispatch/middleware/show_exceptions.rb:30:in `call'
  railties (4.2.5) lib/rails/rack/logger.rb:38:in `call_app'
  railties (4.2.5) lib/rails/rack/logger.rb:20:in `block in call'
  activesupport (4.2.5) lib/active_support/tagged_logging.rb:68:in `block in tagged'
  activesupport (4.2.5) lib/active_support/tagged_logging.rb:26:in `tagged'
  activesupport (4.2.5) lib/active_support/tagged_logging.rb:68:in `tagged'
  railties (4.2.5) lib/rails/rack/logger.rb:20:in `call'
  actionpack (4.2.5) lib/action_dispatch/middleware/request_id.rb:21:in `call'
  rack (1.6.4) lib/rack/methodoverride.rb:22:in `call'
  rack (1.6.4) lib/rack/runtime.rb:18:in `call'
  activesupport (4.2.5) lib/active_support/cache/strategy/local_cache_middleware.rb:28:in `call'
  rack (1.6.4) lib/rack/lock.rb:17:in `call'
  actionpack (4.2.5) lib/action_dispatch/middleware/static.rb:116:in `call'
  rack (1.6.4) lib/rack/sendfile.rb:113:in `call'
  railties (4.2.5) lib/rails/engine.rb:518:in `call'
  railties (4.2.5) lib/rails/application.rb:165:in `call'
  rack (1.6.4) lib/rack/content_length.rb:15:in `call'
  thin (1.6.4) lib/thin/connection.rb:86:in `block in pre_process'
  thin (1.6.4) lib/thin/connection.rb:84:in `catch'
  thin (1.6.4) lib/thin/connection.rb:84:in `pre_process'
  thin (1.6.4) lib/thin/connection.rb:53:in `process'
  thin (1.6.4) lib/thin/connection.rb:39:in `receive_data'
  eventmachine (1.0.9.1) lib/eventmachine.rb:193:in `run_machine'
  eventmachine (1.0.9.1) lib/eventmachine.rb:193:in `run'
  thin (1.6.4) lib/thin/backends/base.rb:73:in `start'
  thin (1.6.4) lib/thin/server.rb:162:in `start'
  rack (1.6.4) lib/rack/handler/thin.rb:19:in `run'
  rack (1.6.4) lib/rack/server.rb:286:in `start'
  railties (4.2.5) lib/rails/commands/server.rb:80:in `start'
  railties (4.2.5) lib/rails/commands/commands_tasks.rb:80:in `block in server'
  railties (4.2.5) lib/rails/commands/commands_tasks.rb:75:in `tap'
  railties (4.2.5) lib/rails/commands/commands_tasks.rb:75:in `server'
  railties (4.2.5) lib/rails/commands/commands_tasks.rb:39:in `run_command!'
  railties (4.2.5) lib/rails/commands.rb:17:in `<top (required)>'
  bin/rails:9:in `require'
  bin/rails:9:in `<top (required)>'
  spring (1.6.2) lib/spring/client/rails.rb:28:in `load'
  spring (1.6.2) lib/spring/client/rails.rb:28:in `call'
  spring (1.6.2) lib/spring/client/command.rb:7:in `call'
  spring (1.6.2) lib/spring/client.rb:28:in `run'
  spring (1.6.2) bin/spring:49:in `<top (required)>'
  spring (1.6.2) lib/spring/binstub.rb:11:in `load'
  spring (1.6.2) lib/spring/binstub.rb:11:in `<top (required)>'
  bin/spring:13:in `require'
  bin/spring:13:in `<top (required)>'
  bin/rails:3:in `load'
  bin/rails:3:in `<main>'


  Rendered /Users/alisafrunza/.rvm/gems/ruby-2.3.0/gems/actionpack-4.2.5/lib/action_dispatch/middleware/templates/rescues/_source.erb (4.2ms)
  Rendered /Users/alisafrunza/.rvm/gems/ruby-2.3.0/gems/actionpack-4.2.5/lib/action_dispatch/middleware/templates/rescues/_trace.html.erb (5.1ms)
  Rendered /Users/alisafrunza/.rvm/gems/ruby-2.3.0/gems/actionpack-4.2.5/lib/action_dispatch/middleware/templates/rescues/_request_and_response.html.erb (1.6ms)
  Rendered /Users/alisafrunza/.rvm/gems/ruby-2.3.0/gems/actionpack-4.2.5/lib/action_dispatch/middleware/templates/rescues/diagnostics.html.erb within rescues/layout (128.4ms)
  Rendered /Users/alisafrunza/.rvm/gems/ruby-2.3.0/gems/web-console-2.3.0/lib/web_console/templates/_markup.html.erb (3.1ms)
  Rendered /Users/alisafrunza/.rvm/gems/ruby-2.3.0/gems/web-console-2.3.0/lib/web_console/templates/_inner_console_markup.html.erb within layouts/inlined_string (0.9ms)
  Rendered /Users/alisafrunza/.rvm/gems/ruby-2.3.0/gems/web-console-2.3.0/lib/web_console/templates/_prompt_box_markup.html.erb within layouts/inlined_string (0.4ms)
  Rendered /Users/alisafrunza/.rvm/gems/ruby-2.3.0/gems/web-console-2.3.0/lib/web_console/templates/style.css.erb within layouts/inlined_string (2.6ms)
  Rendered /Users/alisafrunza/.rvm/gems/ruby-2.3.0/gems/web-console-2.3.0/lib/web_console/templates/console.js.erb within layouts/javascript (129.0ms)
  Rendered /Users/alisafrunza/.rvm/gems/ruby-2.3.0/gems/web-console-2.3.0/lib/web_console/templates/main.js.erb within layouts/javascript (0.6ms)
  Rendered /Users/alisafrunza/.rvm/gems/ruby-2.3.0/gems/web-console-2.3.0/lib/web_console/templates/error_page.js.erb within layouts/javascript (0.6ms)
  Rendered /Users/alisafrunza/.rvm/gems/ruby-2.3.0/gems/web-console-2.3.0/lib/web_console/templates/index.html.erb (249.2ms)
  [1m[36m (7.0ms)[0m  [1mCREATE TABLE "schema_migrations" ("version" varchar NOT NULL) [0m
  [1m[35m (0.5ms)[0m  select sqlite_version(*)
  [1m[36m (6.0ms)[0m  [1mCREATE UNIQUE INDEX "unique_schema_migrations" ON "schema_migrations" ("version")[0m
  [1m[35mActiveRecord::SchemaMigration Load (0.1ms)[0m  SELECT "schema_migrations".* FROM "schema_migrations"
Migrating to DeviseCreateUsers (20160201172111)
  [1m[36m (0.1ms)[0m  [1mbegin transaction[0m
  [1m[35m (0.7ms)[0m  CREATE TABLE "users" ("id" INTEGER PRIMARY KEY AUTOINCREMENT NOT NULL, "email" varchar DEFAULT '' NOT NULL, "encrypted_password" varchar DEFAULT '' NOT NULL, "reset_password_token" varchar, "reset_password_sent_at" datetime, "remember_created_at" datetime, "sign_in_count" integer DEFAULT 0 NOT NULL, "current_sign_in_at" datetime, "last_sign_in_at" datetime, "current_sign_in_ip" varchar, "last_sign_in_ip" varchar, "created_at" datetime NOT NULL, "updated_at" datetime NOT NULL) 
  [1m[36m (0.2ms)[0m  [1mCREATE UNIQUE INDEX "index_users_on_email" ON "users" ("email")[0m
  [1m[35m (0.1ms)[0m              SELECT sql
            FROM sqlite_master
            WHERE name='index_users_on_email' AND type='index'
            UNION ALL
            SELECT sql
            FROM sqlite_temp_master
            WHERE name='index_users_on_email' AND type='index'

  [1m[36m (0.2ms)[0m  [1mCREATE UNIQUE INDEX "index_users_on_reset_password_token" ON "users" ("reset_password_token")[0m
  [1m[35mSQL (0.2ms)[0m  INSERT INTO "schema_migrations" ("version") VALUES (?)  [["version", "20160201172111"]]
  [1m[36m (2.5ms)[0m  [1mcommit transaction[0m
Migrating to CreateCases (20160202130426)
  [1m[35m (0.1ms)[0m  begin transaction
  [1m[36m (0.6ms)[0m  [1mCREATE TABLE "cases" ("id" INTEGER PRIMARY KEY AUTOINCREMENT NOT NULL, "image_link" varchar) [0m
  [1m[35mSQL (0.2ms)[0m  INSERT INTO "schema_migrations" ("version") VALUES (?)  [["version", "20160202130426"]]
  [1m[36m (2.2ms)[0m  [1mcommit transaction[0m
Migrating to AddUserIdToCases (20160203164612)
  [1m[35m (0.1ms)[0m  begin transaction
  [1m[36m (0.6ms)[0m  [1mALTER TABLE "cases" ADD "user_id" integer[0m
  [1m[35mSQL (0.2ms)[0m  INSERT INTO "schema_migrations" ("version") VALUES (?)  [["version", "20160203164612"]]
  [1m[36m (3.2ms)[0m  [1mcommit transaction[0m
Migrating to CreateAttachinaryTables (20160215165436)
  [1m[35m (0.1ms)[0m  begin transaction
DEPRECATION WARNING: `#timestamps` was called without specifying an option for `null`. In Rails 5, this behavior will change to `null: false`. You should manually specify `null: true` to prevent the behavior of your existing migrations from changing. (called from block in change at /Volumes/workspace/projects/scholarshe/db/migrate/20160215165436_create_attachinary_tables.attachinary.rb:14)
  [1m[36m (0.6ms)[0m  [1mCREATE TABLE "attachinary_files" ("id" INTEGER PRIMARY KEY AUTOINCREMENT NOT NULL, "attachinariable_id" integer, "attachinariable_type" varchar, "scope" varchar, "public_id" varchar, "version" varchar, "width" integer, "height" integer, "format" varchar, "resource_type" varchar, "created_at" datetime, "updated_at" datetime) [0m
  [1m[35m (0.2ms)[0m  CREATE  INDEX "by_scoped_parent" ON "attachinary_files" ("attachinariable_type", "attachinariable_id", "scope")
  [1m[36mSQL (0.2ms)[0m  [1mINSERT INTO "schema_migrations" ("version") VALUES (?)[0m  [["version", "20160215165436"]]
  [1m[35m (3.8ms)[0m  commit transaction
Migrating to EditCaseColumns (20160216094656)
  [1m[36m (0.1ms)[0m  [1mbegin transaction[0m
  [1m[35m (0.6ms)[0m  ALTER TABLE "cases" ADD "body" text
  [1m[36m (0.3ms)[0m  [1mCREATE TEMPORARY TABLE "acases" ("id" INTEGER PRIMARY KEY AUTOINCREMENT NOT NULL, "title" varchar, "user_id" integer, "body" text) [0m
  [1m[35m (0.1ms)[0m  SELECT * FROM "cases"
  [1m[36m (0.2ms)[0m  [1mDROP TABLE "cases"[0m
  [1m[35m (0.2ms)[0m  CREATE TABLE "cases" ("id" INTEGER PRIMARY KEY AUTOINCREMENT NOT NULL, "title" varchar, "user_id" integer, "body" text) 
  [1m[36m (0.1ms)[0m  [1mSELECT * FROM "acases"[0m
  [1m[35m (0.1ms)[0m  DROP TABLE "acases"
  [1m[36mSQL (0.1ms)[0m  [1mINSERT INTO "schema_migrations" ("version") VALUES (?)[0m  [["version", "20160216094656"]]
  [1m[35m (4.0ms)[0m  commit transaction
Migrating to CreateUpdates (20160216102852)
  [1m[36m (0.1ms)[0m  [1mbegin transaction[0m
  [1m[35m (0.6ms)[0m  CREATE TABLE "updates" ("id" INTEGER PRIMARY KEY AUTOINCREMENT NOT NULL, "user_id" integer, "case_id" integer, "title" varchar, "domain" varchar, "body" text, "external_link" varchar, "created_at" datetime NOT NULL, "updated_at" datetime NOT NULL) 
  [1m[36mSQL (0.2ms)[0m  [1mINSERT INTO "schema_migrations" ("version") VALUES (?)[0m  [["version", "20160216102852"]]
  [1m[35m (2.2ms)[0m  commit transaction
Migrating to AddFieldsToCases (20160216120113)
  [1m[36m (0.1ms)[0m  [1mbegin transaction[0m
  [1m[35m (0.5ms)[0m  ALTER TABLE "cases" ADD "link" varchar
  [1m[36m (0.2ms)[0m  [1mALTER TABLE "cases" ADD "money" integer[0m
  [1m[35m (0.2ms)[0m  ALTER TABLE "cases" ADD "deadline" date
  [1m[36mSQL (0.2ms)[0m  [1mINSERT INTO "schema_migrations" ("version") VALUES (?)[0m  [["version", "20160216120113"]]
  [1m[35m (2.2ms)[0m  commit transaction
  [1m[36mActiveRecord::SchemaMigration Load (0.1ms)[0m  [1mSELECT "schema_migrations".* FROM "schema_migrations"[0m
  [1m[35m (0.1ms)[0m              SELECT sql
            FROM sqlite_master
            WHERE name='by_scoped_parent' AND type='index'
            UNION ALL
            SELECT sql
            FROM sqlite_temp_master
            WHERE name='by_scoped_parent' AND type='index'

  [1m[36m (0.2ms)[0m  [1m            SELECT sql
            FROM sqlite_master
            WHERE name='index_users_on_reset_password_token' AND type='index'
            UNION ALL
            SELECT sql
            FROM sqlite_temp_master
            WHERE name='index_users_on_reset_password_token' AND type='index'
[0m
  [1m[35m (0.1ms)[0m              SELECT sql
            FROM sqlite_master
            WHERE name='index_users_on_email' AND type='index'
            UNION ALL
            SELECT sql
            FROM sqlite_temp_master
            WHERE name='index_users_on_email' AND type='index'



Started GET "/" for 127.0.0.1 at 2016-11-10 17:47:40 +0200
  [1m[36mActiveRecord::SchemaMigration Load (3.5ms)[0m  [1mSELECT "schema_migrations".* FROM "schema_migrations"[0m
Processing by PagesController#landing as HTML
  Rendered pages/landing.html.erb within layouts/application (4.1ms)
Completed 200 OK in 10106ms (Views: 10105.9ms | ActiveRecord: 0.0ms)


Started GET "/assets/pages/landing.self-2862217ad956d0de882a3ca8053a76c18ff49f4bb78edece72f974445f3631b8.css?body=1" for 127.0.0.1 at 2016-11-10 17:47:50 +0200


Started GET "/assets/application.self-c0187caa9045dbc199b33f6efeb3d255ffbbb3064ab6feeca9a89690e6545298.css?body=1" for 127.0.0.1 at 2016-11-10 17:47:50 +0200


Started GET "/assets/rails_bootstrap_forms.self-10cb7d2aef696c4062f219f6678eed1d57c254a6717cea25d021726a4b9a214c.css?body=1" for 127.0.0.1 at 2016-11-10 17:47:50 +0200


Started GET "/assets/img/intro-bg-363e39f60a33b172c15fcdadca05c64a08e76ad2d038b15e9d52a1a460a3b6e8.jpg" for 127.0.0.1 at 2016-11-10 17:47:51 +0200


Started GET "/assets/img/banner-bg-cf9172f83866fb849bd65499fd5e2f53169310c2e240868c7fd622a30e74b3ae.jpg" for 127.0.0.1 at 2016-11-10 17:47:51 +0200


Started GET "/users/sign_up" for 127.0.0.1 at 2016-11-10 17:48:02 +0200
Processing by Devise::RegistrationsController#new as HTML
  Rendered devise/shared/_links.html.erb (5.4ms)
  Rendered devise/registrations/new.html.erb within layouts/application (61.5ms)
Completed 200 OK in 125ms (Views: 104.0ms | ActiveRecord: 0.6ms)


Started POST "/users" for 127.0.0.1 at 2016-11-10 17:48:13 +0200
Processing by Devise::RegistrationsController#create as HTML
  Parameters: {"utf8"=>"✓", "authenticity_token"=>"fZG3w5klczu451g/f/UAkIRp7M/X/tiHtM2t1V2WeBSuRJCF9OvrCFQxAXsLE+B0mT57SYyQtfkyp/YelW7mlA==", "user"=>{"email"=>"alisa@test.com", "password"=>"[FILTERED]", "password_confirmation"=>"[FILTERED]"}, "commit"=>"Sign up"}
  [1m[35m (0.1ms)[0m  begin transaction
  [1m[36mUser Exists (2.5ms)[0m  [1mSELECT  1 AS one FROM "users" WHERE "users"."email" = 'alisa@test.com' LIMIT 1[0m
  [1m[35m (0.1ms)[0m  rollback transaction
  Rendered devise/shared/_links.html.erb (2.7ms)
  Rendered devise/registrations/new.html.erb within layouts/application (13.3ms)
Completed 200 OK in 230ms (Views: 63.7ms | ActiveRecord: 2.7ms)


Started POST "/users" for 127.0.0.1 at 2016-11-10 17:48:22 +0200
Processing by Devise::RegistrationsController#create as HTML
  Parameters: {"utf8"=>"✓", "authenticity_token"=>"tjbuFa90sF9EEV9fzL7rHw2nu+2pLkk+3NTSVZyZmVFl48lTwroobKjHBhu4WAv7EPAsa/JAJEBavomeVGEH0Q==", "user"=>{"email"=>"alisa@test.com", "password"=>"[FILTERED]", "password_confirmation"=>"[FILTERED]"}, "commit"=>"Sign up"}
  [1m[36m (0.1ms)[0m  [1mbegin transaction[0m
  [1m[35mUser Exists (0.1ms)[0m  SELECT  1 AS one FROM "users" WHERE "users"."email" = 'alisa@test.com' LIMIT 1
  [1m[36mSQL (5.8ms)[0m  [1mINSERT INTO "users" ("email", "encrypted_password", "created_at", "updated_at") VALUES (?, ?, ?, ?)[0m  [["email", "alisa@test.com"], ["encrypted_password", "$2a$10$7IBuGvoaXvhbTTvcpnYs8OKphMFf7vMeVV6OJE6gKdYrGU46iVZ6i"], ["created_at", "2016-11-10 15:48:22.961319"], ["updated_at", "2016-11-10 15:48:22.961319"]]
  [1m[35m (7.1ms)[0m  commit transaction
  [1m[36m (0.1ms)[0m  [1mbegin transaction[0m
  [1m[35mSQL (0.5ms)[0m  UPDATE "users" SET "last_sign_in_at" = ?, "current_sign_in_at" = ?, "last_sign_in_ip" = ?, "current_sign_in_ip" = ?, "sign_in_count" = ?, "updated_at" = ? WHERE "users"."id" = ?  [["last_sign_in_at", "2016-11-10 15:48:22.977206"], ["current_sign_in_at", "2016-11-10 15:48:22.977206"], ["last_sign_in_ip", "127.0.0.1"], ["current_sign_in_ip", "127.0.0.1"], ["sign_in_count", 1], ["updated_at", "2016-11-10 15:48:22.977995"], ["id", 1]]
  [1m[36m (6.6ms)[0m  [1mcommit transaction[0m
Redirected to http://localhost:3000/
Completed 302 Found in 148ms (ActiveRecord: 20.2ms)


Started GET "/" for 127.0.0.1 at 2016-11-10 17:48:23 +0200
  [1m[35mUser Load (0.2ms)[0m  SELECT  "users".* FROM "users" WHERE "users"."id" = ?  ORDER BY "users"."id" ASC LIMIT 1  [["id", 1]]
Processing by CasesController#index as HTML
  [1m[36mCase Load (0.9ms)[0m  [1mSELECT "cases".* FROM "cases"[0m
  Rendered cases/index.html.erb within layouts/application (8.0ms)
Completed 200 OK in 49ms (Views: 47.2ms | ActiveRecord: 1.1ms)


Started GET "/cases/new" for 127.0.0.1 at 2016-11-10 17:48:27 +0200
Processing by CasesController#new as HTML
  [1m[35mUser Load (0.2ms)[0m  SELECT  "users".* FROM "users" WHERE "users"."id" = ?  ORDER BY "users"."id" ASC LIMIT 1  [["id", 1]]
  Rendered cases/new.html.erb within layouts/application (139.9ms)
Completed 200 OK in 187ms (Views: 177.1ms | ActiveRecord: 1.3ms)


Started GET "/" for 127.0.0.1 at 2017-01-10 17:33:59 +0200
  [1m[36mActiveRecord::SchemaMigration Load (3.3ms)[0m  [1mSELECT "schema_migrations".* FROM "schema_migrations"[0m
Processing by PagesController#landing as HTML
  Rendered pages/landing.html.erb within layouts/application (2.4ms)
Completed 200 OK in 6302ms (Views: 6301.3ms | ActiveRecord: 0.0ms)


Started GET "/assets/pages/landing.self-2862217ad956d0de882a3ca8053a76c18ff49f4bb78edece72f974445f3631b8.css?body=1" for 127.0.0.1 at 2017-01-10 17:34:05 +0200


Started GET "/assets/application.self-ee404c627ade0f21f162b5a842419894acfd81764a997dad02b1fb4f48caebd7.css?body=1" for 127.0.0.1 at 2017-01-10 17:34:05 +0200


Started GET "/assets/rails_bootstrap_forms.self-10cb7d2aef696c4062f219f6678eed1d57c254a6717cea25d021726a4b9a214c.css?body=1" for 127.0.0.1 at 2017-01-10 17:34:05 +0200


Started GET "/assets/img/intro-bg-363e39f60a33b172c15fcdadca05c64a08e76ad2d038b15e9d52a1a460a3b6e8.jpg" for 127.0.0.1 at 2017-01-10 17:34:06 +0200


Started GET "/assets/img/banner-bg-cf9172f83866fb849bd65499fd5e2f53169310c2e240868c7fd622a30e74b3ae.jpg" for 127.0.0.1 at 2017-01-10 17:34:06 +0200


Started GET "/users/sign_up" for 127.0.0.1 at 2017-01-10 17:34:10 +0200
Processing by Devise::RegistrationsController#new as HTML
  Rendered devise/shared/_links.html.erb (6.3ms)
  Rendered devise/registrations/new.html.erb within layouts/application (59.2ms)
Completed 200 OK in 114ms (Views: 99.6ms | ActiveRecord: 0.6ms)


Started POST "/users" for 127.0.0.1 at 2017-01-10 17:34:24 +0200
Processing by Devise::RegistrationsController#create as HTML
  Parameters: {"utf8"=>"✓", "authenticity_token"=>"NsZOpQhp+blp7S6xLwmmwkCCmVBSMswlPtwLvuigv/rOHgPgxJuga2Smug2Z3qMHfigYfcbDBU9W/FXKS4pVVw==", "user"=>{"email"=>"alisa@test.com", "password"=>"[FILTERED]", "password_confirmation"=>"[FILTERED]"}, "commit"=>"Sign up"}
  [1m[35m (0.1ms)[0m  begin transaction
  [1m[36mUser Exists (3.0ms)[0m  [1mSELECT  1 AS one FROM "users" WHERE "users"."email" = 'alisa@test.com' LIMIT 1[0m
  [1m[35m (0.1ms)[0m  rollback transaction
  Rendered devise/shared/_links.html.erb (2.6ms)
  Rendered devise/registrations/new.html.erb within layouts/application (10.3ms)
Completed 200 OK in 214ms (Views: 51.8ms | ActiveRecord: 3.2ms)


Started POST "/users" for 127.0.0.1 at 2017-01-10 17:34:43 +0200
Processing by Devise::RegistrationsController#create as HTML
  Parameters: {"utf8"=>"✓", "authenticity_token"=>"jXoo9oEMm73d7J5XHTDfObYYImpR6jHIMSWb+hE0DVx1omWzTf7Cb9CnCuur59r8iLKjR8Ub+KJZBcWOsh7n8Q==", "user"=>{"email"=>"test@website.com", "password"=>"[FILTERED]", "password_confirmation"=>"[FILTERED]"}, "commit"=>"Sign up"}
  [1m[36m (0.1ms)[0m  [1mbegin transaction[0m
  [1m[35mUser Exists (0.1ms)[0m  SELECT  1 AS one FROM "users" WHERE "users"."email" = 'test@website.com' LIMIT 1
  [1m[36mSQL (7.6ms)[0m  [1mINSERT INTO "users" ("email", "encrypted_password", "created_at", "updated_at") VALUES (?, ?, ?, ?)[0m  [["email", "test@website.com"], ["encrypted_password", "$2a$10$oOCSS678ncsqH4A4Bhqr0u5JGFj0ilHQRNvgfz/wIcO0LYGjk/Qiu"], ["created_at", "2017-01-10 15:34:43.418947"], ["updated_at", "2017-01-10 15:34:43.418947"]]
  [1m[35m (5.2ms)[0m  commit transaction
  [1m[36m (0.1ms)[0m  [1mbegin transaction[0m
  [1m[35mSQL (0.5ms)[0m  UPDATE "users" SET "last_sign_in_at" = ?, "current_sign_in_at" = ?, "last_sign_in_ip" = ?, "current_sign_in_ip" = ?, "sign_in_count" = ?, "updated_at" = ? WHERE "users"."id" = ?  [["last_sign_in_at", "2017-01-10 15:34:43.434396"], ["current_sign_in_at", "2017-01-10 15:34:43.434396"], ["last_sign_in_ip", "127.0.0.1"], ["current_sign_in_ip", "127.0.0.1"], ["sign_in_count", 1], ["updated_at", "2017-01-10 15:34:43.435122"], ["id", 2]]
  [1m[36m (6.0ms)[0m  [1mcommit transaction[0m
Redirected to http://localhost:3000/
Completed 302 Found in 139ms (ActiveRecord: 19.5ms)


Started GET "/" for 127.0.0.1 at 2017-01-10 17:34:43 +0200
  [1m[35mUser Load (0.3ms)[0m  SELECT  "users".* FROM "users" WHERE "users"."id" = ?  ORDER BY "users"."id" ASC LIMIT 1  [["id", 2]]
Processing by CasesController#index as HTML
  [1m[36mCase Load (0.9ms)[0m  [1mSELECT "cases".* FROM "cases"[0m
  Rendered cases/index.html.erb within layouts/application (11.0ms)
Completed 200 OK in 57ms (Views: 55.7ms | ActiveRecord: 1.1ms)


Started GET "/cases/new" for 127.0.0.1 at 2017-01-10 17:34:45 +0200
Processing by CasesController#new as HTML
  [1m[35mUser Load (0.1ms)[0m  SELECT  "users".* FROM "users" WHERE "users"."id" = ?  ORDER BY "users"."id" ASC LIMIT 1  [["id", 2]]
  Rendered cases/new.html.erb within layouts/application (125.1ms)
Completed 200 OK in 186ms (Views: 178.7ms | ActiveRecord: 0.8ms)
  [1m[36mUser Load (2.8ms)[0m  [1mSELECT "users".* FROM "users"[0m
  [1m[35mUser Load (0.3ms)[0m  SELECT  "users".* FROM "users"  ORDER BY "users"."id" DESC LIMIT 1
